2021-06-26 16:36:06.418  INFO 10933 --- [main] de.telekom.sea3.webserver.WebServer      : Starting WebServer v1.0.0 using Java 11.0.11 on sea23-Latitude-5501 with PID 10933 (/home/sea23/eclipse-workspace/SEA-3.0/target/SEA-3.0-1.0.0.jar started by sea23 in /home/sea23/eclipse-workspace/SEA-3.0)
2021-06-26 16:36:06.424  INFO 10933 --- [main] de.telekom.sea3.webserver.WebServer      : No active profile set, falling back to default profiles: default
2021-06-26 16:36:06.980  INFO 10933 --- [main] .s.d.r.c.RepositoryConfigurationDelegate : Bootstrapping Spring Data JPA repositories in DEFAULT mode.
2021-06-26 16:36:07.040  INFO 10933 --- [main] .s.d.r.c.RepositoryConfigurationDelegate : Finished Spring Data repository scanning in 52 ms. Found 1 JPA repository interfaces.
2021-06-26 16:36:07.513  INFO 10933 --- [main] o.s.b.w.embedded.tomcat.TomcatWebServer  : Tomcat initialized with port(s): 8080 (http)
2021-06-26 16:36:07.523  INFO 10933 --- [main] o.apache.catalina.core.StandardService   : Starting service [Tomcat]
2021-06-26 16:36:07.524  INFO 10933 --- [main] org.apache.catalina.core.StandardEngine  : Starting Servlet engine: [Apache Tomcat/9.0.46]
2021-06-26 16:36:07.570  INFO 10933 --- [main] o.a.c.c.C.[Tomcat].[localhost].[/]       : Initializing Spring embedded WebApplicationContext
2021-06-26 16:36:07.571  INFO 10933 --- [main] w.s.c.ServletWebServerApplicationContext : Root WebApplicationContext: initialization completed in 1099 ms
2021-06-26 16:36:07.771  INFO 10933 --- [main] com.zaxxer.hikari.HikariDataSource       : HikariPool-1 - Starting...
2021-06-26 16:36:07.840  INFO 10933 --- [main] com.zaxxer.hikari.HikariDataSource       : HikariPool-1 - Start completed.
2021-06-26 16:36:07.881  INFO 10933 --- [main] o.hibernate.jpa.internal.util.LogHelper  : HHH000204: Processing PersistenceUnitInfo [name: default]
2021-06-26 16:36:07.926  INFO 10933 --- [main] org.hibernate.Version                    : HHH000412: Hibernate ORM core version 5.4.31.Final
2021-06-26 16:36:08.029  INFO 10933 --- [main] o.hibernate.annotations.common.Version   : HCANN000001: Hibernate Commons Annotations {5.1.2.Final}
2021-06-26 16:36:08.143  INFO 10933 --- [main] org.hibernate.dialect.Dialect            : HHH000400: Using dialect: org.hibernate.dialect.MariaDB103Dialect
2021-06-26 16:36:08.547  INFO 10933 --- [main] o.h.e.t.j.p.i.JtaPlatformInitiator       : HHH000490: Using JtaPlatform implementation: [org.hibernate.engine.transaction.jta.platform.internal.NoJtaPlatform]
2021-06-26 16:36:08.554  INFO 10933 --- [main] j.LocalContainerEntityManagerFactoryBean : Initialized JPA EntityManagerFactory for persistence unit 'default'
2021-06-26 16:36:08.849  INFO 10933 --- [main] d.t.s.webserver.service.PersonService    : [INFO] PersonService instanziiert: de.telekom.sea3.webserver.service.PersonService
2021-06-26 16:36:08.850  INFO 10933 --- [main] d.t.s.webserver.service.PersonService    : [INFO] PersonRepository durch Annotation instanziiert: org.springframework.data.jpa.repository.support.SimpleJpaRepository@44841b43
2021-06-26 16:36:08.907  WARN 10933 --- [main] JpaBaseConfiguration$JpaWebConfiguration : spring.jpa.open-in-view is enabled by default. Therefore, database queries may be performed during view rendering. Explicitly configure spring.jpa.open-in-view to disable this warning
2021-06-26 16:36:09.149  INFO 10933 --- [main] o.s.b.a.w.s.WelcomePageHandlerMapping    : Adding welcome page: class path resource [public/index.html]
2021-06-26 16:36:09.322  INFO 10933 --- [main] o.s.b.w.embedded.tomcat.TomcatWebServer  : Tomcat started on port(s): 8080 (http) with context path ''
2021-06-26 16:36:09.332  INFO 10933 --- [main] de.telekom.sea3.webserver.WebServer      : Started WebServer in 3.312 seconds (JVM running for 3.645)
2021-06-26 16:36:09.335  INFO 10933 --- [main] o.s.b.a.ApplicationAvailabilityBean      : Application availability state LivenessState changed to CORRECT
2021-06-26 16:36:09.337  INFO 10933 --- [main] o.s.b.a.ApplicationAvailabilityBean      : Application availability state ReadinessState changed to ACCEPTING_TRAFFIC
2021-06-26 16:36:24.012  INFO 10933 --- [http-nio-8080-exec-1] o.a.c.c.C.[Tomcat].[localhost].[/]       : Initializing Spring DispatcherServlet 'dispatcherServlet'
2021-06-26 16:36:24.013  INFO 10933 --- [http-nio-8080-exec-1] o.s.web.servlet.DispatcherServlet        : Initializing Servlet 'dispatcherServlet'
2021-06-26 16:36:24.015  INFO 10933 --- [http-nio-8080-exec-1] o.s.web.servlet.DispatcherServlet        : Completed initialization in 1 ms
2021-06-26 16:36:36.125  INFO 10933 --- [http-nio-8080-exec-7] d.t.s.w.view.PersonRestController        : Ort: null
2021-06-26 16:40:09.762  INFO 10933 --- [http-nio-8080-exec-10] d.t.s.w.view.PersonRestController        : Ort: Hamm
